<?xml version="1.0" encoding="UTF-8"?>
<!-- Generated by org.testng.reporters.JUnitReportReporter -->
<testsuite hostname="LAPTOP-A0PV6E41" failures="0" tests="1" name="runner.LoginRunner" time="0.127" errors="0" timestamp="2023-10-01T11:39:01 IST" skipped="0">
  <testcase classname="runner.LoginRunner" name="runScenario" time="0.127"/>
  <system-out/>
</testsuite> <!-- runner.LoginRunner -->
