<?xml version="1.0" encoding="UTF-8"?>
<!-- Generated by org.testng.reporters.JUnitReportReporter -->
<testsuite hostname="LAPTOP-A0PV6E41" failures="0" tests="1" name="runner.RegistrationRunner" time="0.138" errors="0" timestamp="2023-10-03T15:04:20 IST" skipped="0">
  <testcase classname="runner.RegistrationRunner" name="runScenario" time="0.138"/>
  <system-out/>
</testsuite> <!-- runner.RegistrationRunner -->
