<?xml version="1.0" encoding="UTF-8"?>
<!-- Generated by org.testng.reporters.JUnitReportReporter -->
<testsuite hostname="LAPTOP-A0PV6E41" failures="0" tests="3" name="runner.CampaignRunner" time="0.187" errors="0" timestamp="2023-10-03T15:30:05 IST" skipped="0">
  <testcase classname="runner.CampaignRunner" name="runScenario" time="0.025"/>
  <system-out/>
  <testcase classname="runner.CampaignRunner" name="runScenario" time="0.029"/>
  <system-out/>
  <testcase classname="runner.CampaignRunner" name="runScenario" time="0.133"/>
  <system-out/>
</testsuite> <!-- runner.CampaignRunner -->
